<?xml version="1.0" encoding="UTF-8"?>
<testsuite name="Lecture4ExercisesTest" tests="18" skipped="0" failures="0" errors="0" timestamp="2023-04-15T08:07:11" hostname="DESKTOP-3A1HTCS" time="0.028">
  <properties/>
  <testcase name="fibonacciSample1()" classname="Lecture4ExercisesTest" time="0.008"/>
  <testcase name="fibonacciSample2()" classname="Lecture4ExercisesTest" time="0.001"/>
  <testcase name="fibonacciSample3()" classname="Lecture4ExercisesTest" time="0.001"/>
  <testcase name="reverseCaseImportant()" classname="Lecture4ExercisesTest" time="0.001"/>
  <testcase name="isPalindromeWrong1()" classname="Lecture4ExercisesTest" time="0.002"/>
  <testcase name="isPalindromeWrong2()" classname="Lecture4ExercisesTest" time="0.0"/>
  <testcase name="isPalindrome()" classname="Lecture4ExercisesTest" time="0.001"/>
  <testcase name="isPalindromeIgnoreCase()" classname="Lecture4ExercisesTest" time="0.001"/>
  <testcase name="dotPlotSample1()" classname="Lecture4ExercisesTest" time="0.002"/>
  <testcase name="dotPlotSample2()" classname="Lecture4ExercisesTest" time="0.001"/>
  <testcase name="isPalindromeLine()" classname="Lecture4ExercisesTest" time="0.001"/>
  <testcase name="factorialSimple1()" classname="Lecture4ExercisesTest" time="0.001"/>
  <testcase name="factorialSimple2()" classname="Lecture4ExercisesTest" time="0.0"/>
  <testcase name="reverseSample1()" classname="Lecture4ExercisesTest" time="0.0"/>
  <testcase name="reverseSample2()" classname="Lecture4ExercisesTest" time="0.001"/>
  <testcase name="fibonacciBigIndex()" classname="Lecture4ExercisesTest" time="0.0"/>
  <testcase name="reverseWithSpace()" classname="Lecture4ExercisesTest" time="0.0"/>
  <testcase name="factorialOfZero()" classname="Lecture4ExercisesTest" time="0.001"/>
  <system-out><![CDATA[hello
kabab
wow
wow
neveroddoreven
]]></system-out>
  <system-err><![CDATA[]]></system-err>
</testsuite>
